<?xml version="1.0" encoding="UTF-8"?>
<testng-results skipped="0" failed="0" ignored="0" total="1" passed="1">
  <reporter-output>
    <line>
      <![CDATA[maven executed]]>
    </line>
  </reporter-output>
  <suite name="Default suite" duration-ms="70" started-at="2019-11-21T05:03:22Z" finished-at="2019-11-21T05:03:22Z">
    <groups>
    </groups>
    <test name="Default test" duration-ms="70" started-at="2019-11-21T05:03:22Z" finished-at="2019-11-21T05:03:22Z">
      <class name="acti.Demo">
        <test-method status="PASS" signature="run()[pri:0, instance:acti.Demo@5bcab519]" name="run" duration-ms="15" started-at="2019-11-21T05:03:22Z" finished-at="2019-11-21T05:03:22Z">
          <reporter-output>
            <line>
              <![CDATA[maven executed]]>
            </line>
          </reporter-output>
        </test-method> <!-- run -->
      </class> <!-- acti.Demo -->
    </test> <!-- Default test -->
  </suite> <!-- Default suite -->
</testng-results>
