<?xml version="1.0" encoding="UTF-8"?>
<testng-results skipped="0" failed="0" ignored="0" total="1" passed="1">
  <reporter-output>
    <line>
      <![CDATA[maven executed]]>
    </line>
  </reporter-output>
  <suite name="Suite" duration-ms="56" started-at="2019-11-23T05:16:28Z" finished-at="2019-11-23T05:16:28Z">
    <groups>
    </groups>
    <test name="Test" duration-ms="56" started-at="2019-11-23T05:16:28Z" finished-at="2019-11-23T05:16:28Z">
      <class name="acti.Demo">
        <test-method status="PASS" signature="run()[pri:0, instance:acti.Demo@32d992b2]" name="run" duration-ms="17" started-at="2019-11-23T05:16:28Z" finished-at="2019-11-23T05:16:28Z">
          <reporter-output>
            <line>
              <![CDATA[maven executed]]>
            </line>
          </reporter-output>
        </test-method> <!-- run -->
      </class> <!-- acti.Demo -->
    </test> <!-- Test -->
  </suite> <!-- Suite -->
</testng-results>
